app/build/intermediates/manifest_merge_blame_file/release/manifest-merger-blame-release-report.txt
1<?xml version="1.0" encoding="utf-8"?>
2<manifest xmlns:android="http://schemas.android.com/apk/res/android"
3    package="com.example.ezusb"
4    android:versionCode="1"
5    android:versionName="1.1" >
6
7    <uses-sdk
8        android:minSdkVersion="13"
8-->src/main/AndroidManifest.xml
9        android:targetSdkVersion="19" />
9-->src/main/AndroidManifest.xml
10
11    <uses-permission android:name="android.permission.INTERNET" />
11-->src/main/AndroidManifest.xml:7:5-66
11-->src/main/AndroidManifest.xml:7:22-64
12
13    <uses-feature android:name="android.hardware.usb.host" />
13-->src/main/AndroidManifest.xml:8:5-62
13-->src/main/AndroidManifest.xml:8:19-59
14
15    <application
15-->src/main/AndroidManifest.xml:11:5-37:19
16        android:allowBackup="true"
16-->src/main/AndroidManifest.xml:12:9-35
17        android:icon="@drawable/ic_launcher"
17-->src/main/AndroidManifest.xml:13:9-45
18        android:label="@string/app_name"
18-->src/main/AndroidManifest.xml:14:9-41
19        android:theme="@style/AppTheme" >
19-->src/main/AndroidManifest.xml:15:9-40
20        <activity
20-->src/main/AndroidManifest.xml:16:9-36:20
21            android:name="com.example.ezusb.MainActivity"
21-->src/main/AndroidManifest.xml:17:13-58
22            android:configChanges="keyboard|orientation"
22-->src/main/AndroidManifest.xml:20:13-57
23            android:label="@string/app_name"
23-->src/main/AndroidManifest.xml:18:13-45
24            android:screenOrientation="portrait" >
24-->src/main/AndroidManifest.xml:19:13-49
25            <intent-filter>
25-->src/main/AndroidManifest.xml:21:13-24:29
26                <action android:name="android.intent.action.MAIN" />
26-->src/main/AndroidManifest.xml:22:17-69
26-->src/main/AndroidManifest.xml:22:25-66
27
28                <category android:name="android.intent.category.LAUNCHER" />
28-->src/main/AndroidManifest.xml:23:17-77
28-->src/main/AndroidManifest.xml:23:27-74
29            </intent-filter>
30            <intent-filter>
30-->src/main/AndroidManifest.xml:26:13-28:29
31                <action android:name="android.hardware.usb.action.USB_DEVICE_ATTACHED" />
31-->src/main/AndroidManifest.xml:27:17-90
31-->src/main/AndroidManifest.xml:27:25-87
32            </intent-filter>
33
34            <meta-data
34-->src/main/AndroidManifest.xml:29:13-30:57
35                android:name="android.hardware.usb.action.USB_DEVICE_ATTACHED"
35-->src/main/AndroidManifest.xml:29:24-86
36                android:resource="@xml/device_filter" />
36-->src/main/AndroidManifest.xml:30:17-54
37
38            <intent-filter>
38-->src/main/AndroidManifest.xml:32:13-34:29
39                <action android:name="android.hardware.usb.action.USB_DEVICE_DETACHED" />
39-->src/main/AndroidManifest.xml:33:17-90
39-->src/main/AndroidManifest.xml:33:25-87
40            </intent-filter>
41        </activity>
42    </application>
43
44</manifest>